=============================
‚öôÔ∏è  LSK ENGINEERING DEMO START
=============================

Ìªí Creating Orders...

‚û°Ô∏è Creating Order 1:
{"order":{"order_id":1,"user_id":1,"product_id":101,"quantity":2,"status":"pending"},"source":"postgres"}
‚û°Ô∏è Creating Order 2:
{"order":{"order_id":2,"user_id":2,"product_id":102,"quantity":1,"status":"pending"},"source":"postgres"}
‚û°Ô∏è Creating Order 3:
{"order":{"order_id":3,"user_id":3,"product_id":103,"quantity":4,"status":"pending"},"source":"postgres"}
Ì≤∞ Submitting Payments...

‚û°Ô∏è Paying for Order ID: 1
{"message":"ÔøΩÔøΩÔøΩ Payment processed successfully"}
‚û°Ô∏è Paying for Order ID: 2
{"message":"ÔøΩÔøΩÔøΩ Payment processed successfully"}
‚û°Ô∏è Paying for Order ID: 3
{"message":"ÔøΩÔøΩÔøΩ Payment processed successfully"}
‚≠ê Submitting Feedback...

‚û°Ô∏è Feedback for Order ID: 1
{"message":"‚≠ê Feedback submitted successfully"}
‚û°Ô∏è Feedback for Order ID: 2
{"message":"‚≠ê Feedback submitted successfully"}
‚û°Ô∏è Feedback for Order ID: 3
{"message":"‚≠ê Feedback submitted successfully"}
Ì≥¶ Retrieving Orders (1st time = PostgreSQL)...

‚û°Ô∏è Order ID: 1
{"order":{"order_id":1,"user_id":1,"product_id":101,"quantity":2,"status":"paid"},"source":"postgres"}
‚û°Ô∏è Order ID: 2
{"order":{"order_id":2,"user_id":2,"product_id":102,"quantity":1,"status":"paid"},"source":"postgres"}
‚û°Ô∏è Order ID: 3
{"order":{"order_id":3,"user_id":3,"product_id":103,"quantity":4,"status":"paid"},"source":"postgres"}
Ì¥Å Retrieving Orders Again (should hit Redis cache)...

‚û°Ô∏è Order ID: 1
{"order":{"order_id":1,"user_id":1,"product_id":101,"quantity":2,"status":"paid"},"source":"cache"}
‚û°Ô∏è Order ID: 2
{"order":{"order_id":2,"user_id":2,"product_id":102,"quantity":1,"status":"paid"},"source":"cache"}
‚û°Ô∏è Order ID: 3
{"order":{"order_id":3,"user_id":3,"product_id":103,"quantity":4,"status":"paid"},"source":"cache"}
‚úÖ Demo Completed Successfully
